<?xml version="1.0" encoding="UTF-8"?>
<testng-results ignored="0" total="0" passed="0" failed="0" skipped="0">
  <reporter-output>
  </reporter-output>
  <suite started-at="2023-11-26T23:42:39 CET" name="Default suite" finished-at="2023-11-26T23:42:39 CET" duration-ms="26">
    <groups>
    </groups>
    <test started-at="2023-11-26T23:42:39 CET" name="Default test" finished-at="2023-11-26T23:42:39 CET" duration-ms="26">
    </test> <!-- Default test -->
  </suite> <!-- Default suite -->
</testng-results>
